2018-05-13 23:42:16,589 DEBUG No configuration found at `/Users/kyryu/code/dts/dts/.pyre_configuration.local`.
2018-05-13 23:42:16,590 DEBUG No configuration found at `.pyre_configuration.local`.
2018-05-13 23:42:16,590 DEBUG No configuration found at `.pyre_configuration`.
2018-05-13 23:42:16,590 INFO No source directory specified, using current directory
2018-05-13 23:42:16,590 INFO No binary specified, looking for `pyre.bin` in PATH
2018-05-13 23:42:16,590 INFO Found: `/Users/kyryu/.local/share/virtualenvs/dts-R5Wu7jlI/bin/pyre.bin`
2018-05-13 23:42:16,590 INFO No typeshed specified, looking for it
2018-05-13 23:42:16,591 DEBUG Trying with: `/Users/kyryu/.local/share/virtualenvs/dts-R5Wu7jlI/lib/python3.6/site-packages/pyre_check/pyre_check/typeshed/stdlib/`
2018-05-13 23:42:16,591 DEBUG Trying with: `/Users/kyryu/.local/share/virtualenvs/dts-R5Wu7jlI/lib/python3.6/site-packages/pyre_check/typeshed/stdlib/`
2018-05-13 23:42:16,591 DEBUG Trying with: `/Users/kyryu/.local/share/virtualenvs/dts-R5Wu7jlI/lib/python3.6/pyre_check/typeshed/stdlib/`
2018-05-13 23:42:16,591 DEBUG Trying with: `/Users/kyryu/.local/share/virtualenvs/dts-R5Wu7jlI/lib/pyre_check/typeshed/stdlib/`
2018-05-13 23:42:16,591 INFO Found: `/Users/kyryu/.local/share/virtualenvs/dts-R5Wu7jlI/lib/pyre_check/typeshed/stdlib/`
2018-05-13 23:42:16,591 DEBUG Running `/Users/kyryu/.local/share/virtualenvs/dts-R5Wu7jlI/bin/pyre.bin check -project-root /Users/kyryu/code/dts/dts -workers 4 -search-path /Users/kyryu/.local/share/virtualenvs/dts-R5Wu7jlI/lib/pyre_check/typeshed/stdlib/ .`
2018-05-13 23:42:16,629 INFO Finding type stubs in `/Users/kyryu/code/dts/dts`...
2018-05-13 23:42:16,637 INFO Finding type stubs in `/Users/kyryu/.local/share/virtualenvs/dts-R5Wu7jlI/lib/pyre_check/typeshed/stdlib`...
2018-05-13 23:42:16,641 INFO Finding external sources in `/Users/kyryu/.local/share/virtualenvs/dts-R5Wu7jlI/lib/pyre_check/typeshed/stdlib`...
2018-05-13 23:42:16,745 INFO Parsing 346 stubs and external sources...
2018-05-13 23:42:16,799 INFO Parsing 3 sources in `/Users/kyryu/code/dts/dts`...
2018-05-13 23:42:16,904 INFO Building type environment...
2018-05-13 23:42:17,130 INFO Adding environment information to shared memory...
2018-05-13 23:42:17,243 INFO Inferring protocol implementations...
2018-05-13 23:42:17,298 INFO Checking...
2018-05-13 23:42:17,326 INFO Processed 1 of 3 sources
2018-05-13 23:42:17,338 INFO Processed 2 of 3 sources
2018-05-13 23:42:17,351 INFO Processed 3 of 3 sources
2018-05-13 23:42:17,352 ERROR Found 1 type error!

2018-05-13 23:42:19,232 DEBUG No configuration found at `/Users/kyryu/code/dts/dts/.pyre_configuration.local`.
2018-05-13 23:42:19,232 DEBUG No configuration found at `.pyre_configuration.local`.
2018-05-13 23:42:19,232 DEBUG No configuration found at `.pyre_configuration`.
2018-05-13 23:42:19,232 INFO No source directory specified, using current directory
2018-05-13 23:42:19,233 INFO No binary specified, looking for `pyre.bin` in PATH
2018-05-13 23:42:19,233 INFO Found: `/Users/kyryu/.local/share/virtualenvs/dts-R5Wu7jlI/bin/pyre.bin`
2018-05-13 23:42:19,233 INFO No typeshed specified, looking for it
2018-05-13 23:42:19,233 DEBUG Trying with: `/Users/kyryu/.local/share/virtualenvs/dts-R5Wu7jlI/lib/python3.6/site-packages/pyre_check/pyre_check/typeshed/stdlib/`
2018-05-13 23:42:19,234 DEBUG Trying with: `/Users/kyryu/.local/share/virtualenvs/dts-R5Wu7jlI/lib/python3.6/site-packages/pyre_check/typeshed/stdlib/`
2018-05-13 23:42:19,234 DEBUG Trying with: `/Users/kyryu/.local/share/virtualenvs/dts-R5Wu7jlI/lib/python3.6/pyre_check/typeshed/stdlib/`
2018-05-13 23:42:19,234 DEBUG Trying with: `/Users/kyryu/.local/share/virtualenvs/dts-R5Wu7jlI/lib/pyre_check/typeshed/stdlib/`
2018-05-13 23:42:19,234 INFO Found: `/Users/kyryu/.local/share/virtualenvs/dts-R5Wu7jlI/lib/pyre_check/typeshed/stdlib/`
2018-05-13 23:42:19,234 WARNING Server not running at `.`. Starting...

2018-05-13 23:42:19,235 DEBUG Running `/Users/kyryu/.local/share/virtualenvs/dts-R5Wu7jlI/bin/pyre.bin start -project-root /Users/kyryu/code/dts/dts -use-watchman -workers 4 -search-path /Users/kyryu/.local/share/virtualenvs/dts-R5Wu7jlI/lib/pyre_check/typeshed/stdlib/ -version None .`
2018-05-13 23:42:19,266 INFO Starting up server...
2018-05-13 23:42:19,266 INFO Spawning the watchman daemon now.
2018-05-13 23:42:19,267 INFO Watchman daemon pid: 45395
2018-05-13 23:42:19,268 INFO Server starting in background
2018-05-13 23:42:19,269 WARNING Server initializing...

2018-05-13 23:42:19,269 DEBUG Running `/Users/kyryu/.local/share/virtualenvs/dts-R5Wu7jlI/bin/pyre.bin incremental -project-root /Users/kyryu/code/dts/dts -search-path /Users/kyryu/.local/share/virtualenvs/dts-R5Wu7jlI/lib/pyre_check/typeshed/stdlib/ -version None .`
2018-05-13 23:42:19,324 INFO Server running as pid 45396
2018-05-13 23:42:19,325 INFO Finding type stubs in `/Users/kyryu/code/dts/dts`...
2018-05-13 23:42:19,330 INFO Finding type stubs in `/Users/kyryu/.local/share/virtualenvs/dts-R5Wu7jlI/lib/pyre_check/typeshed/stdlib`...
2018-05-13 23:42:19,334 INFO Finding external sources in `/Users/kyryu/.local/share/virtualenvs/dts-R5Wu7jlI/lib/pyre_check/typeshed/stdlib`...
2018-05-13 23:42:19,439 INFO Parsing 346 stubs and external sources...
2018-05-13 23:42:19,493 INFO Parsing 3 sources in `/Users/kyryu/code/dts/dts`...
2018-05-13 23:42:19,598 INFO Building type environment...
2018-05-13 23:42:19,811 INFO Adding environment information to shared memory...
2018-05-13 23:42:19,915 INFO Inferring protocol implementations...
2018-05-13 23:42:19,974 INFO Checking...
2018-05-13 23:42:19,996 INFO Processed 1 of 3 sources
2018-05-13 23:42:20,010 INFO Processed 2 of 3 sources
2018-05-13 23:42:20,012 ERROR Found 1 type error!

2018-05-13 23:43:23,899 INFO Binary found at /Users/kyryu/.local/share/virtualenvs/dts-R5Wu7jlI/bin/pyre.bin
2018-05-13 23:43:23,899 DEBUG Trying with: `/Users/kyryu/.local/share/virtualenvs/dts-R5Wu7jlI/lib/python3.6/site-packages/pyre_check/pyre_check/typeshed/stdlib/`
2018-05-13 23:43:23,899 DEBUG Trying with: `/Users/kyryu/.local/share/virtualenvs/dts-R5Wu7jlI/lib/python3.6/site-packages/pyre_check/typeshed/stdlib/`
2018-05-13 23:43:23,899 DEBUG Trying with: `/Users/kyryu/.local/share/virtualenvs/dts-R5Wu7jlI/lib/python3.6/pyre_check/typeshed/stdlib/`
2018-05-13 23:43:23,900 DEBUG Trying with: `/Users/kyryu/.local/share/virtualenvs/dts-R5Wu7jlI/lib/pyre_check/typeshed/stdlib/`
2018-05-13 23:43:23,900 INFO Successfully initialized pyre! You can view the configuration at `/Users/kyryu/code/dts/dts/.pyre_configuration`.
2018-05-13 23:59:36,725 DEBUG No configuration found at `/Users/kyryu/code/dts/dts/.pyre_configuration.local`.
2018-05-13 23:59:36,726 DEBUG No configuration found at `.pyre_configuration.local`.
2018-05-13 23:59:36,726 DEBUG Reading configuration `.pyre_configuration`...
2018-05-13 23:59:36,726 DEBUG Found source directories `.`
2018-05-13 23:59:36,727 WARNING Waiting for server...

2018-05-13 23:59:36,727 DEBUG Running `/Users/kyryu/.local/share/virtualenvs/dts-R5Wu7jlI/bin/pyre.bin incremental -project-root /Users/kyryu/code/dts/dts -search-path /Users/kyryu/.local/share/virtualenvs/dts-R5Wu7jlI/lib/pyre_check/typeshed/stdlib/ -version None .`
2018-05-13 23:59:36,733 INFO Parsing 346 stubs and external sources...
2018-05-13 23:59:36,733 INFO Parsing 3 sources in `/Users/kyryu/code/dts/dts`...
2018-05-13 23:59:36,734 INFO Building type environment...
2018-05-13 23:59:36,734 INFO Adding environment information to shared memory...
2018-05-13 23:59:36,734 INFO Inferring protocol implementations...
2018-05-13 23:59:36,734 INFO Checking...
2018-05-13 23:59:36,735 INFO Processed 1 of 3 sources
2018-05-13 23:59:36,735 INFO Processed 2 of 3 sources
2018-05-13 23:59:36,735 INFO Processed 3 of 3 sources
2018-05-13 23:59:36,815 ERROR Found 1 type error!

2018-05-13 23:59:39,598 DEBUG No configuration found at `/Users/kyryu/code/dts/dts/.pyre_configuration.local`.
2018-05-13 23:59:39,599 DEBUG No configuration found at `.pyre_configuration.local`.
2018-05-13 23:59:39,599 DEBUG Reading configuration `.pyre_configuration`...
2018-05-13 23:59:39,599 DEBUG Found source directories `.`
2018-05-13 23:59:39,599 DEBUG Running `/Users/kyryu/.local/share/virtualenvs/dts-R5Wu7jlI/bin/pyre.bin check -project-root /Users/kyryu/code/dts/dts -workers 4 -search-path /Users/kyryu/.local/share/virtualenvs/dts-R5Wu7jlI/lib/pyre_check/typeshed/stdlib/ .`
2018-05-13 23:59:39,639 INFO Finding type stubs in `/Users/kyryu/code/dts/dts`...
2018-05-13 23:59:39,646 INFO Finding type stubs in `/Users/kyryu/.local/share/virtualenvs/dts-R5Wu7jlI/lib/pyre_check/typeshed/stdlib`...
2018-05-13 23:59:39,651 INFO Finding external sources in `/Users/kyryu/.local/share/virtualenvs/dts-R5Wu7jlI/lib/pyre_check/typeshed/stdlib`...
2018-05-13 23:59:39,754 INFO Parsing 346 stubs and external sources...
2018-05-13 23:59:39,808 INFO Parsing 3 sources in `/Users/kyryu/code/dts/dts`...
2018-05-13 23:59:39,911 INFO Building type environment...
2018-05-13 23:59:40,135 INFO Adding environment information to shared memory...
2018-05-13 23:59:40,245 INFO Inferring protocol implementations...
2018-05-13 23:59:40,306 INFO Checking...
2018-05-13 23:59:40,328 INFO Processed 1 of 3 sources
2018-05-13 23:59:40,343 INFO Processed 2 of 3 sources
2018-05-13 23:59:40,359 INFO Processed 3 of 3 sources
2018-05-13 23:59:40,360 ERROR Found 1 type error!

2018-05-13 23:59:59,667 DEBUG No configuration found at `/Users/kyryu/code/dts/dts/.pyre_configuration.local`.
2018-05-13 23:59:59,667 DEBUG No configuration found at `.pyre_configuration.local`.
2018-05-13 23:59:59,667 DEBUG Reading configuration `.pyre_configuration`...
2018-05-13 23:59:59,668 DEBUG Found source directories `.`
2018-05-13 23:59:59,668 DEBUG Running `/Users/kyryu/.local/share/virtualenvs/dts-R5Wu7jlI/bin/pyre.bin check -project-root /Users/kyryu/code/dts/dts -workers 4 -search-path /Users/kyryu/.local/share/virtualenvs/dts-R5Wu7jlI/lib/pyre_check/typeshed/stdlib/ .`
2018-05-13 23:59:59,706 INFO Finding type stubs in `/Users/kyryu/code/dts/dts`...
2018-05-13 23:59:59,712 INFO Finding type stubs in `/Users/kyryu/.local/share/virtualenvs/dts-R5Wu7jlI/lib/pyre_check/typeshed/stdlib`...
2018-05-13 23:59:59,717 INFO Finding external sources in `/Users/kyryu/.local/share/virtualenvs/dts-R5Wu7jlI/lib/pyre_check/typeshed/stdlib`...
2018-05-13 23:59:59,817 INFO Parsing 346 stubs and external sources...
2018-05-13 23:59:59,872 INFO Parsing 3 sources in `/Users/kyryu/code/dts/dts`...
2018-05-13 23:59:59,977 INFO Building type environment...
2018-05-14 00:00:00,204 INFO Adding environment information to shared memory...
2018-05-14 00:00:00,317 INFO Inferring protocol implementations...
2018-05-14 00:00:00,383 INFO Checking...
2018-05-14 00:00:00,404 INFO Processed 1 of 3 sources
2018-05-14 00:00:00,416 INFO Processed 2 of 3 sources
2018-05-14 00:00:00,428 INFO Processed 3 of 3 sources
2018-05-14 00:00:00,429 ERROR Found 1 type error!

2018-05-14 00:00:24,100 DEBUG No configuration found at `/Users/kyryu/code/dts/dts/.pyre_configuration.local`.
2018-05-14 00:00:24,100 DEBUG No configuration found at `.pyre_configuration.local`.
2018-05-14 00:00:24,100 DEBUG Reading configuration `.pyre_configuration`...
2018-05-14 00:00:24,100 DEBUG Found source directories `.`
2018-05-14 00:00:24,101 DEBUG Running `/Users/kyryu/.local/share/virtualenvs/dts-R5Wu7jlI/bin/pyre.bin check -project-root /Users/kyryu/code/dts/dts -workers 4 -search-path /Users/kyryu/.local/share/virtualenvs/dts-R5Wu7jlI/lib/pyre_check/typeshed/stdlib/ .`
2018-05-14 00:00:24,140 INFO Finding type stubs in `/Users/kyryu/code/dts/dts`...
2018-05-14 00:00:24,146 INFO Finding type stubs in `/Users/kyryu/.local/share/virtualenvs/dts-R5Wu7jlI/lib/pyre_check/typeshed/stdlib`...
2018-05-14 00:00:24,151 INFO Finding external sources in `/Users/kyryu/.local/share/virtualenvs/dts-R5Wu7jlI/lib/pyre_check/typeshed/stdlib`...
2018-05-14 00:00:24,256 INFO Parsing 346 stubs and external sources...
2018-05-14 00:00:24,307 INFO Parsing 3 sources in `/Users/kyryu/code/dts/dts`...
2018-05-14 00:00:24,407 INFO Building type environment...
2018-05-14 00:00:24,637 INFO Adding environment information to shared memory...
2018-05-14 00:00:24,747 INFO Inferring protocol implementations...
2018-05-14 00:00:24,806 INFO Checking...
2018-05-14 00:00:24,828 INFO Processed 1 of 3 sources
2018-05-14 00:00:24,842 INFO Processed 2 of 3 sources
2018-05-14 00:00:24,857 INFO Processed 3 of 3 sources
2018-05-14 00:00:24,857 SUCCESS No type errors found

2018-05-14 00:00:35,736 DEBUG No configuration found at `/Users/kyryu/code/dts/dts/.pyre_configuration.local`.
2018-05-14 00:00:35,736 DEBUG No configuration found at `.pyre_configuration.local`.
2018-05-14 00:00:35,736 DEBUG Reading configuration `.pyre_configuration`...
2018-05-14 00:00:35,737 DEBUG Found source directories `.`
2018-05-14 00:00:35,737 DEBUG Running `/Users/kyryu/.local/share/virtualenvs/dts-R5Wu7jlI/bin/pyre.bin check -project-root /Users/kyryu/code/dts/dts -workers 4 -search-path /Users/kyryu/.local/share/virtualenvs/dts-R5Wu7jlI/lib/pyre_check/typeshed/stdlib/ .`
2018-05-14 00:00:35,773 INFO Finding type stubs in `/Users/kyryu/code/dts/dts`...
2018-05-14 00:00:35,782 INFO Finding type stubs in `/Users/kyryu/.local/share/virtualenvs/dts-R5Wu7jlI/lib/pyre_check/typeshed/stdlib`...
2018-05-14 00:00:35,787 INFO Finding external sources in `/Users/kyryu/.local/share/virtualenvs/dts-R5Wu7jlI/lib/pyre_check/typeshed/stdlib`...
2018-05-14 00:00:35,888 INFO Parsing 346 stubs and external sources...
2018-05-14 00:00:35,945 INFO Parsing 3 sources in `/Users/kyryu/code/dts/dts`...
2018-05-14 00:00:36,046 INFO Building type environment...
2018-05-14 00:00:36,271 INFO Adding environment information to shared memory...
2018-05-14 00:00:36,388 INFO Inferring protocol implementations...
2018-05-14 00:00:36,444 INFO Checking...
2018-05-14 00:00:36,466 INFO Processed 1 of 3 sources
2018-05-14 00:00:36,482 INFO Processed 2 of 3 sources
2018-05-14 00:00:36,497 INFO Processed 3 of 3 sources
2018-05-14 00:00:36,498 SUCCESS No type errors found

2018-05-14 00:00:55,003 DEBUG No configuration found at `/Users/kyryu/code/dts/dts/.pyre_configuration.local`.
2018-05-14 00:00:55,003 DEBUG No configuration found at `.pyre_configuration.local`.
2018-05-14 00:00:55,003 DEBUG Reading configuration `.pyre_configuration`...
2018-05-14 00:00:55,003 DEBUG Found source directories `.`
2018-05-14 00:00:55,004 DEBUG Running `/Users/kyryu/.local/share/virtualenvs/dts-R5Wu7jlI/bin/pyre.bin check -project-root /Users/kyryu/code/dts/dts -workers 4 -search-path /Users/kyryu/.local/share/virtualenvs/dts-R5Wu7jlI/lib/pyre_check/typeshed/stdlib/ .`
2018-05-14 00:00:55,043 INFO Finding type stubs in `/Users/kyryu/code/dts/dts`...
2018-05-14 00:00:55,050 INFO Finding type stubs in `/Users/kyryu/.local/share/virtualenvs/dts-R5Wu7jlI/lib/pyre_check/typeshed/stdlib`...
2018-05-14 00:00:55,055 INFO Finding external sources in `/Users/kyryu/.local/share/virtualenvs/dts-R5Wu7jlI/lib/pyre_check/typeshed/stdlib`...
2018-05-14 00:00:55,159 INFO Parsing 346 stubs and external sources...
2018-05-14 00:00:55,216 INFO Parsing 3 sources in `/Users/kyryu/code/dts/dts`...
2018-05-14 00:00:55,317 INFO Building type environment...
2018-05-14 00:00:55,541 INFO Adding environment information to shared memory...
2018-05-14 00:00:55,652 INFO Inferring protocol implementations...
2018-05-14 00:00:55,710 INFO Checking...
2018-05-14 00:00:55,733 INFO Processed 1 of 3 sources
2018-05-14 00:00:55,748 INFO Processed 2 of 3 sources
2018-05-14 00:00:55,761 INFO Processed 3 of 3 sources
2018-05-14 00:00:55,762 SUCCESS No type errors found

