2018-05-13 23:32:16,109 DEBUG No configuration found at `/Users/kyryu/code/dts/.pyre_configuration.local`.
2018-05-13 23:32:16,109 DEBUG No configuration found at `.pyre_configuration.local`.
2018-05-13 23:32:16,109 DEBUG No configuration found at `.pyre_configuration`.
2018-05-13 23:32:16,109 INFO No source directory specified, using current directory
2018-05-13 23:32:16,109 INFO No binary specified, looking for `pyre.bin` in PATH
2018-05-13 23:32:16,109 INFO Found: `/Users/kyryu/.local/share/virtualenvs/dts-R5Wu7jlI/bin/pyre.bin`
2018-05-13 23:32:16,110 INFO No typeshed specified, looking for it
2018-05-13 23:32:16,110 DEBUG Trying with: `/Users/kyryu/.local/share/virtualenvs/dts-R5Wu7jlI/lib/python3.6/site-packages/pyre_check/pyre_check/typeshed/stdlib/`
2018-05-13 23:32:16,110 DEBUG Trying with: `/Users/kyryu/.local/share/virtualenvs/dts-R5Wu7jlI/lib/python3.6/site-packages/pyre_check/typeshed/stdlib/`
2018-05-13 23:32:16,110 DEBUG Trying with: `/Users/kyryu/.local/share/virtualenvs/dts-R5Wu7jlI/lib/python3.6/pyre_check/typeshed/stdlib/`
2018-05-13 23:32:16,110 DEBUG Trying with: `/Users/kyryu/.local/share/virtualenvs/dts-R5Wu7jlI/lib/pyre_check/typeshed/stdlib/`
2018-05-13 23:32:16,110 INFO Found: `/Users/kyryu/.local/share/virtualenvs/dts-R5Wu7jlI/lib/pyre_check/typeshed/stdlib/`
2018-05-13 23:32:16,111 WARNING Server not running at `.`. Starting...

2018-05-13 23:32:16,111 DEBUG Running `/Users/kyryu/.local/share/virtualenvs/dts-R5Wu7jlI/bin/pyre.bin start -project-root /Users/kyryu/code/dts -use-watchman -workers 4 -search-path /Users/kyryu/.local/share/virtualenvs/dts-R5Wu7jlI/lib/pyre_check/typeshed/stdlib/ -version None .`
2018-05-13 23:32:16,154 INFO Starting up server...
2018-05-13 23:32:16,155 INFO Spawning the watchman daemon now.
2018-05-13 23:32:16,156 INFO Watchman daemon pid: 40482
2018-05-13 23:32:16,157 INFO Server starting in background
2018-05-13 23:32:16,158 WARNING Server initializing...

2018-05-13 23:32:16,158 DEBUG Running `/Users/kyryu/.local/share/virtualenvs/dts-R5Wu7jlI/bin/pyre.bin incremental -project-root /Users/kyryu/code/dts -search-path /Users/kyryu/.local/share/virtualenvs/dts-R5Wu7jlI/lib/pyre_check/typeshed/stdlib/ -version None .`
2018-05-13 23:32:16,212 INFO Server running as pid 40483
2018-05-13 23:32:16,216 INFO Finding type stubs in `/Users/kyryu/code/dts`...
2018-05-13 23:32:16,221 INFO Finding type stubs in `/Users/kyryu/.local/share/virtualenvs/dts-R5Wu7jlI/lib/pyre_check/typeshed/stdlib`...
2018-05-13 23:32:16,225 INFO Finding external sources in `/Users/kyryu/.local/share/virtualenvs/dts-R5Wu7jlI/lib/pyre_check/typeshed/stdlib`...
2018-05-13 23:32:16,326 INFO Parsing 346 stubs and external sources...
2018-05-13 23:32:16,399 INFO Parsing 9 sources in `/Users/kyryu/code/dts`...
2018-05-13 23:32:16,503 INFO Building type environment...
2018-05-13 23:32:16,719 INFO Adding environment information to shared memory...
2018-05-13 23:32:16,823 INFO Inferring protocol implementations...
2018-05-13 23:32:16,883 INFO Checking...
2018-05-13 23:32:16,904 INFO Processed 3 of 9 sources
2018-05-13 23:32:16,916 INFO Processed 6 of 9 sources
2018-05-13 23:32:16,918 SUCCESS No type errors found

2018-05-13 23:42:09,452 DEBUG No configuration found at `/Users/kyryu/code/dts/.pyre_configuration.local`.
2018-05-13 23:42:09,453 DEBUG No configuration found at `.pyre_configuration.local`.
2018-05-13 23:42:09,453 DEBUG No configuration found at `.pyre_configuration`.
2018-05-13 23:42:09,453 INFO No source directory specified, using current directory
2018-05-13 23:42:09,453 INFO No binary specified, looking for `pyre.bin` in PATH
2018-05-13 23:42:09,453 INFO Found: `/Users/kyryu/.local/share/virtualenvs/dts-R5Wu7jlI/bin/pyre.bin`
2018-05-13 23:42:09,453 INFO No typeshed specified, looking for it
2018-05-13 23:42:09,454 DEBUG Trying with: `/Users/kyryu/.local/share/virtualenvs/dts-R5Wu7jlI/lib/python3.6/site-packages/pyre_check/pyre_check/typeshed/stdlib/`
2018-05-13 23:42:09,454 DEBUG Trying with: `/Users/kyryu/.local/share/virtualenvs/dts-R5Wu7jlI/lib/python3.6/site-packages/pyre_check/typeshed/stdlib/`
2018-05-13 23:42:09,454 DEBUG Trying with: `/Users/kyryu/.local/share/virtualenvs/dts-R5Wu7jlI/lib/python3.6/pyre_check/typeshed/stdlib/`
2018-05-13 23:42:09,454 DEBUG Trying with: `/Users/kyryu/.local/share/virtualenvs/dts-R5Wu7jlI/lib/pyre_check/typeshed/stdlib/`
2018-05-13 23:42:09,454 INFO Found: `/Users/kyryu/.local/share/virtualenvs/dts-R5Wu7jlI/lib/pyre_check/typeshed/stdlib/`
2018-05-13 23:42:09,454 DEBUG Running `/Users/kyryu/.local/share/virtualenvs/dts-R5Wu7jlI/bin/pyre.bin check -project-root /Users/kyryu/code/dts -workers 4 -search-path /Users/kyryu/.local/share/virtualenvs/dts-R5Wu7jlI/lib/pyre_check/typeshed/stdlib/ .`
2018-05-13 23:42:09,496 INFO Finding type stubs in `/Users/kyryu/code/dts`...
2018-05-13 23:42:09,502 INFO Finding type stubs in `/Users/kyryu/.local/share/virtualenvs/dts-R5Wu7jlI/lib/pyre_check/typeshed/stdlib`...
2018-05-13 23:42:09,506 INFO Finding external sources in `/Users/kyryu/.local/share/virtualenvs/dts-R5Wu7jlI/lib/pyre_check/typeshed/stdlib`...
2018-05-13 23:42:09,611 INFO Parsing 346 stubs and external sources...
2018-05-13 23:42:09,670 INFO Parsing 9 sources in `/Users/kyryu/code/dts`...
2018-05-13 23:42:09,773 INFO Building type environment...
2018-05-13 23:42:09,990 INFO Adding environment information to shared memory...
2018-05-13 23:42:10,103 INFO Inferring protocol implementations...
2018-05-13 23:42:10,178 INFO Checking...
2018-05-13 23:42:10,187 INFO Processed 3 of 9 sources
2018-05-13 23:42:10,210 INFO Processed 6 of 9 sources
2018-05-13 23:42:10,225 INFO Processed 9 of 9 sources
2018-05-13 23:42:10,226 ERROR Found 1 type error!

2018-05-13 23:59:28,956 DEBUG No configuration found at `/Users/kyryu/code/dts/.pyre_configuration.local`.
2018-05-13 23:59:28,956 DEBUG No configuration found at `.pyre_configuration.local`.
2018-05-13 23:59:28,956 DEBUG No configuration found at `.pyre_configuration`.
2018-05-13 23:59:28,957 INFO No source directory specified, using current directory
2018-05-13 23:59:28,957 INFO No binary specified, looking for `pyre.bin` in PATH
2018-05-13 23:59:28,957 INFO Found: `/Users/kyryu/.local/share/virtualenvs/dts-R5Wu7jlI/bin/pyre.bin`
2018-05-13 23:59:28,957 INFO No typeshed specified, looking for it
2018-05-13 23:59:28,958 DEBUG Trying with: `/Users/kyryu/.local/share/virtualenvs/dts-R5Wu7jlI/lib/python3.6/site-packages/pyre_check/pyre_check/typeshed/stdlib/`
2018-05-13 23:59:28,958 DEBUG Trying with: `/Users/kyryu/.local/share/virtualenvs/dts-R5Wu7jlI/lib/python3.6/site-packages/pyre_check/typeshed/stdlib/`
2018-05-13 23:59:28,958 DEBUG Trying with: `/Users/kyryu/.local/share/virtualenvs/dts-R5Wu7jlI/lib/python3.6/pyre_check/typeshed/stdlib/`
2018-05-13 23:59:28,958 DEBUG Trying with: `/Users/kyryu/.local/share/virtualenvs/dts-R5Wu7jlI/lib/pyre_check/typeshed/stdlib/`
2018-05-13 23:59:28,958 INFO Found: `/Users/kyryu/.local/share/virtualenvs/dts-R5Wu7jlI/lib/pyre_check/typeshed/stdlib/`
2018-05-13 23:59:28,958 WARNING Waiting for server...

2018-05-13 23:59:28,959 DEBUG Running `/Users/kyryu/.local/share/virtualenvs/dts-R5Wu7jlI/bin/pyre.bin incremental -project-root /Users/kyryu/code/dts -search-path /Users/kyryu/.local/share/virtualenvs/dts-R5Wu7jlI/lib/pyre_check/typeshed/stdlib/ -version None .`
2018-05-13 23:59:28,965 INFO Finding external sources in `/Users/kyryu/.local/share/virtualenvs/dts-R5Wu7jlI/lib/pyre_check/typeshed/stdlib`...
2018-05-13 23:59:28,965 INFO Parsing 346 stubs and external sources...
2018-05-13 23:59:28,966 INFO Parsing 9 sources in `/Users/kyryu/code/dts`...
2018-05-13 23:59:28,966 INFO Building type environment...
2018-05-13 23:59:28,966 INFO Adding environment information to shared memory...
2018-05-13 23:59:28,966 INFO Inferring protocol implementations...
2018-05-13 23:59:28,967 INFO Checking...
2018-05-13 23:59:28,967 INFO Processed 3 of 9 sources
2018-05-13 23:59:28,967 INFO Processed 6 of 9 sources
2018-05-13 23:59:28,997 SUCCESS No type errors found

